<?xml version="1.0" encoding="UTF-8" ?>
<testsuite tests="11" failures="0" name="RefactoredTests" time="0.005" errors="0" skipped="0">
  <properties>
[...]
</properties>
  <testcase classname="RefactoredTests" name="testConstruction" time="0.005"/>
  <testcase classname="RefactoredTests" name="testFactorsOfBigNumber" time="0"/>
  <testcase classname="RefactoredTests" name="testFactorsOf1" time="0"/>
  <testcase classname="RefactoredTests" name="testFactorsOf2" time="0"/>
  <testcase classname="RefactoredTests" name="testFactorsOf3" time="0"/>
  <testcase classname="RefactoredTests" name="testFactorsOf4" time="0"/>
  <testcase classname="RefactoredTests" name="testFactorsOf5" time="0"/>
  <testcase classname="RefactoredTests" name="testFactorsOf6" time="0"/>
  <testcase classname="RefactoredTests" name="testFactorsOf7" time="0"/>
  <testcase classname="RefactoredTests" name="testFactorsOf8" time="0"/>
  <testcase classname="RefactoredTests" name="testFactorsOf9" time="0"/>
</testsuite>